2017-12-16 18:56:57,374   GET     200     558 ms  /3/Cloud
2017-12-16 18:56:57,404   POST    200      22 ms  /4/sessions
2017-12-16 18:56:57,577   POST    200     167 ms  /99/Rapids
2017-12-16 18:56:57,598   GET     200      16 ms  /3/Capabilities/API
2017-12-16 18:56:58,045   GET     200     126 ms  /3/ImportFiles
2017-12-16 18:56:59,238   POST    200    1188 ms  /3/ParseSetup
2017-12-16 18:56:59,371   POST    200     128 ms  /3/Parse
2017-12-16 18:56:59,382   GET     200       6 ms  /3/Jobs/$03017f00000132d4ffffffff$_a39c112695f3a2779ea96ec6090f4bfc
2017-12-16 18:56:59,593   GET     200       3 ms  /3/Jobs/$03017f00000132d4ffffffff$_a39c112695f3a2779ea96ec6090f4bfc
2017-12-16 18:56:59,801   GET     200       1 ms  /3/Jobs/$03017f00000132d4ffffffff$_a39c112695f3a2779ea96ec6090f4bfc
2017-12-16 18:57:00,011   GET     200       1 ms  /3/Jobs/$03017f00000132d4ffffffff$_a39c112695f3a2779ea96ec6090f4bfc
2017-12-16 18:57:00,220   GET     200       2 ms  /3/Jobs/$03017f00000132d4ffffffff$_a39c112695f3a2779ea96ec6090f4bfc
2017-12-16 18:57:00,428   GET     200       2 ms  /3/Jobs/$03017f00000132d4ffffffff$_a39c112695f3a2779ea96ec6090f4bfc
2017-12-16 18:57:00,645   GET     200       1 ms  /3/Jobs/$03017f00000132d4ffffffff$_a39c112695f3a2779ea96ec6090f4bfc
2017-12-16 18:57:00,908   GET     200       3 ms  /3/Jobs/$03017f00000132d4ffffffff$_a39c112695f3a2779ea96ec6090f4bfc
2017-12-16 18:57:01,225   GET     200       2 ms  /3/Jobs/$03017f00000132d4ffffffff$_a39c112695f3a2779ea96ec6090f4bfc
2017-12-16 18:57:01,604   GET     200       2 ms  /3/Jobs/$03017f00000132d4ffffffff$_a39c112695f3a2779ea96ec6090f4bfc
2017-12-16 18:57:02,059   GET     200       3 ms  /3/Jobs/$03017f00000132d4ffffffff$_a39c112695f3a2779ea96ec6090f4bfc
2017-12-16 18:57:02,606   GET     200       2 ms  /3/Jobs/$03017f00000132d4ffffffff$_a39c112695f3a2779ea96ec6090f4bfc
2017-12-16 18:57:03,260   GET     200       2 ms  /3/Jobs/$03017f00000132d4ffffffff$_a39c112695f3a2779ea96ec6090f4bfc
2017-12-16 18:57:04,042   GET     200       1 ms  /3/Jobs/$03017f00000132d4ffffffff$_a39c112695f3a2779ea96ec6090f4bfc
2017-12-16 18:57:04,982   GET     200       1 ms  /3/Jobs/$03017f00000132d4ffffffff$_a39c112695f3a2779ea96ec6090f4bfc
2017-12-16 18:57:06,113   GET     200       3 ms  /3/Jobs/$03017f00000132d4ffffffff$_a39c112695f3a2779ea96ec6090f4bfc
2017-12-16 18:57:07,470   GET     200       3 ms  /3/Jobs/$03017f00000132d4ffffffff$_a39c112695f3a2779ea96ec6090f4bfc
2017-12-16 18:57:08,915   GET     200       1 ms  /3/Jobs/$03017f00000132d4ffffffff$_a39c112695f3a2779ea96ec6090f4bfc
2017-12-16 18:57:10,324   GET     200       1 ms  /3/Jobs/$03017f00000132d4ffffffff$_a39c112695f3a2779ea96ec6090f4bfc
2017-12-16 18:57:11,838   GET     200       1 ms  /3/Jobs/$03017f00000132d4ffffffff$_a39c112695f3a2779ea96ec6090f4bfc
2017-12-16 18:57:13,136   GET     200       1 ms  /3/Jobs/$03017f00000132d4ffffffff$_a39c112695f3a2779ea96ec6090f4bfc
2017-12-16 18:57:14,355   GET     200       4 ms  /3/Jobs/$03017f00000132d4ffffffff$_a39c112695f3a2779ea96ec6090f4bfc
2017-12-16 18:57:15,474   GET     200       1 ms  /3/Jobs/$03017f00000132d4ffffffff$_a39c112695f3a2779ea96ec6090f4bfc
2017-12-16 18:57:16,484   GET     200       1 ms  /3/Jobs/$03017f00000132d4ffffffff$_a39c112695f3a2779ea96ec6090f4bfc
2017-12-16 18:57:17,098   GET     200       1 ms  /3/Jobs/$03017f00000132d4ffffffff$_a39c112695f3a2779ea96ec6090f4bfc
2017-12-16 18:57:17,708   GET     200       1 ms  /3/Jobs/$03017f00000132d4ffffffff$_a39c112695f3a2779ea96ec6090f4bfc
2017-12-16 18:57:18,317   GET     200       2 ms  /3/Jobs/$03017f00000132d4ffffffff$_a39c112695f3a2779ea96ec6090f4bfc
2017-12-16 18:57:18,747   GET     200     420 ms  /3/Frames/Flight_classification_.hex
2017-12-16 18:57:18,944   GET     301       2 ms  /
2017-12-16 18:57:18,977   GET     200      29 ms  /flow/index.html
2017-12-16 18:57:19,028   POST    200      20 ms  /3/Shutdown
2017-12-16 18:57:19,038   DELETE  200       5 ms  /4/sessions/_sid_b8d1
