2017-12-16 19:25:34,640   GET     200     148 ms  /3/Cloud
2017-12-16 19:25:34,680   POST    200      32 ms  /4/sessions
2017-12-16 19:25:34,951   POST    200     262 ms  /99/Rapids
2017-12-16 19:25:34,974   GET     200      16 ms  /3/Capabilities/API
2017-12-16 19:25:37,176   GET     200     141 ms  /3/ImportFiles
2017-12-16 19:25:38,268   POST    200    1087 ms  /3/ParseSetup
2017-12-16 19:25:38,413   POST    200     139 ms  /3/Parse
2017-12-16 19:25:38,435   GET     200       9 ms  /3/Jobs/$03017f00000132d4ffffffff$_b710abeb3aeae8fe970bd7c0ea504677
2017-12-16 19:25:38,644   GET     200       2 ms  /3/Jobs/$03017f00000132d4ffffffff$_b710abeb3aeae8fe970bd7c0ea504677
2017-12-16 19:25:38,852   GET     200       1 ms  /3/Jobs/$03017f00000132d4ffffffff$_b710abeb3aeae8fe970bd7c0ea504677
2017-12-16 19:25:39,059   GET     200       1 ms  /3/Jobs/$03017f00000132d4ffffffff$_b710abeb3aeae8fe970bd7c0ea504677
2017-12-16 19:25:39,267   GET     200       2 ms  /3/Jobs/$03017f00000132d4ffffffff$_b710abeb3aeae8fe970bd7c0ea504677
2017-12-16 19:25:39,473   GET     200       1 ms  /3/Jobs/$03017f00000132d4ffffffff$_b710abeb3aeae8fe970bd7c0ea504677
2017-12-16 19:25:39,688   GET     200       1 ms  /3/Jobs/$03017f00000132d4ffffffff$_b710abeb3aeae8fe970bd7c0ea504677
2017-12-16 19:25:39,947   GET     200       2 ms  /3/Jobs/$03017f00000132d4ffffffff$_b710abeb3aeae8fe970bd7c0ea504677
2017-12-16 19:25:40,257   GET     200       1 ms  /3/Jobs/$03017f00000132d4ffffffff$_b710abeb3aeae8fe970bd7c0ea504677
2017-12-16 19:25:40,629   GET     200       1 ms  /3/Jobs/$03017f00000132d4ffffffff$_b710abeb3aeae8fe970bd7c0ea504677
2017-12-16 19:25:41,078   GET     200       4 ms  /3/Jobs/$03017f00000132d4ffffffff$_b710abeb3aeae8fe970bd7c0ea504677
2017-12-16 19:25:41,615   GET     200       2 ms  /3/Jobs/$03017f00000132d4ffffffff$_b710abeb3aeae8fe970bd7c0ea504677
2017-12-16 19:25:42,257   GET     200       1 ms  /3/Jobs/$03017f00000132d4ffffffff$_b710abeb3aeae8fe970bd7c0ea504677
2017-12-16 19:25:43,520   GET     200       3 ms  /3/Jobs/$03017f00000132d4ffffffff$_b710abeb3aeae8fe970bd7c0ea504677
2017-12-16 19:25:44,548   GET     200       2 ms  /3/Jobs/$03017f00000132d4ffffffff$_b710abeb3aeae8fe970bd7c0ea504677
2017-12-16 19:25:45,778   GET     200       1 ms  /3/Jobs/$03017f00000132d4ffffffff$_b710abeb3aeae8fe970bd7c0ea504677
2017-12-16 19:25:48,786   GET     200       2 ms  /3/Jobs/$03017f00000132d4ffffffff$_b710abeb3aeae8fe970bd7c0ea504677
2017-12-16 19:25:50,209   GET     200       2 ms  /3/Jobs/$03017f00000132d4ffffffff$_b710abeb3aeae8fe970bd7c0ea504677
2017-12-16 19:25:51,570   GET     200       1 ms  /3/Jobs/$03017f00000132d4ffffffff$_b710abeb3aeae8fe970bd7c0ea504677
2017-12-16 19:25:52,872   GET     200       0 ms  /3/Jobs/$03017f00000132d4ffffffff$_b710abeb3aeae8fe970bd7c0ea504677
2017-12-16 19:25:54,128   GET     200       1 ms  /3/Jobs/$03017f00000132d4ffffffff$_b710abeb3aeae8fe970bd7c0ea504677
2017-12-16 19:25:55,248   GET     200       1 ms  /3/Jobs/$03017f00000132d4ffffffff$_b710abeb3aeae8fe970bd7c0ea504677
2017-12-16 19:25:56,266   GET     200       1 ms  /3/Jobs/$03017f00000132d4ffffffff$_b710abeb3aeae8fe970bd7c0ea504677
2017-12-16 19:25:57,128   GET     200       1 ms  /3/Jobs/$03017f00000132d4ffffffff$_b710abeb3aeae8fe970bd7c0ea504677
2017-12-16 19:25:57,889   GET     200       1 ms  /3/Jobs/$03017f00000132d4ffffffff$_b710abeb3aeae8fe970bd7c0ea504677
2017-12-16 19:25:58,495   GET     200       1 ms  /3/Jobs/$03017f00000132d4ffffffff$_b710abeb3aeae8fe970bd7c0ea504677
2017-12-16 19:25:59,117   GET     200       1 ms  /3/Jobs/$03017f00000132d4ffffffff$_b710abeb3aeae8fe970bd7c0ea504677
2017-12-16 19:25:59,722   GET     200       1 ms  /3/Jobs/$03017f00000132d4ffffffff$_b710abeb3aeae8fe970bd7c0ea504677
2017-12-16 19:26:00,087   GET     200     361 ms  /3/Frames/Flight_classification_.hex
2017-12-16 19:26:00,594   POST    200     363 ms  /99/Rapids
2017-12-16 19:26:00,639   GET     200      42 ms  /3/Frames/py_1_sid_96bf
2017-12-16 19:26:00,652   POST    200       6 ms  /99/Rapids
2017-12-16 19:26:00,672   GET     301       1 ms  /
2017-12-16 19:26:00,714   GET     200      26 ms  /flow/index.html
2017-12-16 19:26:00,766   POST    200       4 ms  /3/Shutdown
2017-12-16 19:26:00,776   DELETE  200       6 ms  /4/sessions/_sid_96bf
