2017-12-16 10:42:09,416   GET     200     117 ms  /3/Cloud
2017-12-16 10:42:09,466   POST    200      32 ms  /4/sessions
2017-12-16 10:42:09,703   POST    200     231 ms  /99/Rapids
2017-12-16 10:42:09,724   GET     200      14 ms  /3/Capabilities/API
2017-12-16 10:42:12,508   GET     301       1 ms  /
2017-12-16 10:42:12,580   GET     200       3 ms  /flow/index.html
2017-12-16 10:42:12,594   GET     200       4 ms  /flow/css/flow-lib.css
2017-12-16 10:42:12,605   GET     200       2 ms  /flow/css/flow.css
2017-12-16 10:42:12,608   GET     200       2 ms  /flow/css/scala-editor.css
2017-12-16 10:42:12,610   GET     200       2 ms  /flow/custom/custom.css
2017-12-16 10:42:12,796   GET     200      14 ms  /flow/js/flow.js
2017-12-16 10:42:12,823   GET     200      43 ms  /flow/js/flow-lib.js
2017-12-16 10:42:12,878   GET     200       9 ms  /flow/fonts/fontawesome-webfont.woff
2017-12-16 10:42:12,879   GET     200       5 ms  /flow/img/h2o.png
2017-12-16 10:42:13,391   GET     200       3 ms  /flow/index.html
2017-12-16 10:42:13,699   GET     200     297 ms  /3/Metadata/endpoints
2017-12-16 10:42:13,938   GET     200       3 ms  /flow/help/catalog.json
2017-12-16 10:42:13,977   GET     200      19 ms  /flow/img/h2o-flow.png
2017-12-16 10:42:14,052   POST    200     109 ms  /3/scalaint
2017-12-16 10:42:14,059   GET     200     100 ms  /3/About
2017-12-16 10:42:14,067   GET     200     118 ms  /3/NodePersistentStorage/notebook
2017-12-16 10:42:14,067   GET     200     105 ms  /3/NodePersistentStorage/categories/environment/names/clips/exists
2017-12-16 10:42:14,360   GET     200     382 ms  /3/ModelBuilders
2017-12-16 10:42:15,733   GET     301       1 ms  /
2017-12-16 10:42:15,740   GET     200       2 ms  /flow/index.html
2017-12-16 10:42:15,754   POST    200       4 ms  /3/Shutdown
2017-12-16 10:42:15,783   DELETE  200       6 ms  /4/sessions/_sid_a845
